# Residues in 1FCC_chainsAandB.pdb
SEQ A  238  PRO :   81.87
SEQ A  239  SER :   38.30
SEQ A  240  VAL :    3.82
SEQ A  241  PHE :   84.10
SEQ A  242  LEU :   16.00
SEQ A  243  PHE :   83.85
SEQ A  244  PRO :   67.55
SEQ A  245  PRO :    7.36
SEQ A  246  LYS :  154.09
SEQ A  247  PRO :   41.71
SEQ A  248  LYS :   52.41
SEQ A  249  ASP :   29.78
SEQ A  250  THR :    6.61
SEQ A  251  LEU :    8.07
SEQ A  252  MET :    2.92
SEQ A  253  ILE :   24.20
SEQ A  254  SER :   32.89
SEQ A  255  ARG :   88.49
SEQ A  256  THR :   73.78
SEQ A  257  PRO :    3.08
SEQ A  258  GLU :   88.78
SEQ A  259  VAL :    0.00
SEQ A  260  THR :   33.33
SEQ A  261  CYS :    0.00
SEQ A  262  VAL :    6.16
SEQ A  263  VAL :    3.63
SEQ A  264  VAL :   31.62
SEQ A  265  ASP :   84.38
SEQ A  266  VAL :    6.32
SEQ A  267  SER :   35.06
SEQ A  268  HIS :   84.01
SEQ A  269  GLU :  145.76
SEQ A  270  ASP :   47.56
SEQ A  271  PRO :   43.49
SEQ A  272  GLN :  158.45
SEQ A  273  VAL :   14.94
SEQ A  274  LYS :  153.30
SEQ A  275  PHE :   35.43
SEQ A  276  ASN :   24.93
SEQ A  277  TRP :    1.27
SEQ A  278  TYR :   29.34
SEQ A  279  VAL :   20.16
SEQ A  280  ASP :   81.80
SEQ A  281  GLY :   57.42
SEQ A  282  VAL :  109.06
SEQ A  283  GLN :   72.11
SEQ A  284  VAL :   35.09
SEQ A  285  HIS :  120.76
SEQ A  286  ASN :  139.30
SEQ A  287  ALA :   45.28
SEQ A  288  LYS :   96.30
SEQ A  289  THR :   31.20
SEQ A  290  LYS :  126.60
SEQ A  291  PRO :   87.17
SEQ A  292  ARG :  194.07
SEQ A  293  GLU :  100.72
SEQ A  294  GLN :   66.52
SEQ A  295  GLN :  124.64
SEQ A  296  TYR :   93.93
SEQ A  297  ASN :  144.57
SEQ A  298  SER :   76.36
SEQ A  299  THR :   32.42
SEQ A  300  TYR :   30.68
SEQ A  301  ARG :   76.06
SEQ A  302  VAL :   16.80
SEQ A  303  VAL :   20.07
SEQ A  304  SER :    1.49
SEQ A  305  VAL :   36.20
SEQ A  306  LEU :    3.16
SEQ A  307  THR :   49.54
SEQ A  308  VAL :    4.60
SEQ A  309  LEU :  112.71
SEQ A  310  HIS :   31.41
SEQ A  311  GLN :   87.13
SEQ A  312  ASN :   32.73
SEQ A  313  TRP :   23.07
SEQ A  314  LEU :   37.83
SEQ A  315  ASP :  115.98
SEQ A  316  GLY :   42.11
SEQ A  317  LYS :   66.35
SEQ A  318  GLU :   75.71
SEQ A  319  TYR :    2.48
SEQ A  320  LYS :   58.55
SEQ A  321  CYS :    0.01
SEQ A  322  LYS :   53.39
SEQ A  323  VAL :    6.52
SEQ A  324  SER :   35.38
SEQ A  325  ASN :   25.66
SEQ A  326  LYS :  181.78
SEQ A  327  ALA :   57.86
SEQ A  328  LEU :   38.56
SEQ A  329  PRO :  132.72
SEQ A  330  ALA :   57.64
SEQ A  331  PRO :   77.35
SEQ A  332  ILE :   56.62
SEQ A  333  GLU :   78.05
SEQ A  334  LYS :   63.49
SEQ A  335  THR :   74.33
SEQ A  336  ILE :   31.97
SEQ A  337  SER :   34.70
SEQ A  338  LYS :   30.48
SEQ A  339  ALA :   47.85
SEQ A  340  LYS :  169.49
SEQ A  341  GLY :   38.11
SEQ A  342  GLN :  166.18
SEQ A  343  PRO :   59.91
SEQ A  344  ARG :  115.98
SEQ A  345  GLU :   91.85
SEQ A  346  PRO :    3.10
SEQ A  347  GLN :   90.72
SEQ A  348  VAL :   13.99
SEQ A  349  TYR :   80.61
SEQ A  350  THR :   26.26
SEQ A  351  LEU :   69.73
SEQ A  352  PRO :   72.90
SEQ A  353  PRO :   17.25
SEQ A  354  SER :   62.46
SEQ A  355  ARG :  235.21
SEQ A  356  GLU :  157.33
SEQ A  357  GLU :   55.85
SEQ A  358  MET :   49.93
SEQ A  359  THR :  122.61
SEQ A  360  LYS :  135.77
SEQ A  361  ASN :  129.25
SEQ A  362  GLN :   92.38
SEQ A  363  VAL :    0.13
SEQ A  364  SER :   19.04
SEQ A  365  LEU :    0.00
SEQ A  366  THR :   27.51
SEQ A  367  CYS :    0.00
SEQ A  368  LEU :   24.68
SEQ A  369  VAL :    0.00
SEQ A  370  LYS :   81.80
SEQ A  371  GLY :   16.61
SEQ A  372  PHE :    0.00
SEQ A  373  TYR :   57.23
SEQ A  374  PRO :    1.95
SEQ A  375  SER :   34.95
SEQ A  376  ASP :   70.16
SEQ A  377  ILE :   19.54
SEQ A  378  ALA :   22.53
SEQ A  379  VAL :   12.62
SEQ A  380  GLU :   22.17
SEQ A  381  TRP :    1.33
SEQ A  382  GLU :   12.88
SEQ A  383  SER :   15.58
SEQ A  384  ASN :  109.68
SEQ A  385  GLY :   64.57
SEQ A  386  GLN :  128.38
SEQ A  387  PRO :   75.41
SEQ A  388  GLU :   27.28
SEQ A  389  ASN :  121.98
SEQ A  390  ASN :   96.37
SEQ A  391  TYR :   58.50
SEQ A  392  LYS :  162.08
SEQ A  393  THR :   52.62
SEQ A  394  THR :   70.17
SEQ A  395  PRO :   97.04
SEQ A  396  PRO :   51.34
SEQ A  397  VAL :   70.45
SEQ A  398  LEU :  119.95
SEQ A  399  ASP :   50.17
SEQ A  400  SER :  121.77
SEQ A  401  ASP :   81.42
SEQ A  402  GLY :   39.52
SEQ A  403  SER :    0.71
SEQ A  404  PHE :   33.30
SEQ A  405  PHE :   55.30
SEQ A  406  LEU :    6.36
SEQ A  407  TYR :   85.19
SEQ A  408  SER :    0.45
SEQ A  409  LYS :  101.73
SEQ A  410  LEU :    0.00
SEQ A  411  THR :   24.23
SEQ A  412  VAL :    5.90
SEQ A  413  ASP :   72.68
SEQ A  414  LYS :   54.19
SEQ A  415  SER :   65.28
SEQ A  416  ARG :   70.64
SEQ A  417  TRP :    4.68
SEQ A  418  GLN :   90.29
SEQ A  419  GLN :  152.90
SEQ A  420  GLY :   31.44
SEQ A  421  ASN :   34.23
SEQ A  422  VAL :   63.19
SEQ A  423  PHE :    0.00
SEQ A  424  SER :   10.16
SEQ A  425  CYS :    0.00
SEQ A  426  SER :    0.42
SEQ A  427  VAL :    0.00
SEQ A  428  MET :    3.89
SEQ A  429  HIS :    0.15
SEQ A  430  GLU :   39.56
SEQ A  431  ALA :   28.15
SEQ A  432  LEU :   13.96
SEQ A  433  HIS :   78.78
SEQ A  434  ASN :    6.91
SEQ A  435  HIS :   36.58
SEQ A  436  TYR :    2.00
SEQ A  437  THR :   31.59
SEQ A  438  GLN :   52.84
SEQ A  439  LYS :   94.52
SEQ A  440  SER :   57.09
SEQ A  441  LEU :   17.03
SEQ A  442  SER :   55.12
SEQ A  443  LEU :  135.36
SEQ C    1  THR :  112.35
SEQ C    2  THR :   70.13
SEQ C    3  TYR :   18.74
SEQ C    4  LYS :   79.75
SEQ C    5  LEU :    0.94
SEQ C    6  VAL :   37.01
SEQ C    7  ILE :    5.24
SEQ C    8  ASN :   62.66
SEQ C    9  GLY :    6.54
SEQ C   10  LYS :  155.96
SEQ C   11  THR :  153.27
SEQ C   12  LEU :   58.83
SEQ C   13  LYS :  169.77
SEQ C   14  GLY :   34.68
SEQ C   15  GLU :  116.40
SEQ C   16  THR :   48.37
SEQ C   17  THR :   91.61
SEQ C   18  THR :   28.68
SEQ C   19  GLU :  138.65
SEQ C   20  ALA :   15.25
SEQ C   21  VAL :  125.53
SEQ C   22  ASP :   73.39
SEQ C   23  ALA :   19.44
SEQ C   24  ALA :   17.22
SEQ C   25  THR :   28.12
SEQ C   26  ALA :    0.00
SEQ C   27  GLU :    1.22
SEQ C   28  LYS :   11.35
SEQ C   29  VAL :   59.85
SEQ C   30  PHE :    1.57
SEQ C   31  LYS :    2.94
SEQ C   32  GLN :   46.28
SEQ C   33  TYR :   87.28
SEQ C   34  ALA :    0.00
SEQ C   35  ASN :   32.51
SEQ C   36  ASP :  107.06
SEQ C   37  ASN :   77.18
SEQ C   38  GLY :   60.45
SEQ C   39  VAL :    2.46
SEQ C   40  ASP :   72.27
SEQ C   41  GLY :   23.73
SEQ C   42  GLU :   98.28
SEQ C   43  TRP :    9.99
SEQ C   44  THR :   62.90
SEQ C   45  TYR :   44.44
SEQ C   46  ASP :   74.66
SEQ C   47  ASP :   96.32
SEQ C   48  ALA :  100.40
SEQ C   49  THR :   86.50
SEQ C   50  LYS :   84.47
SEQ C   51  THR :   15.99
SEQ C   52  PHE :    0.51
SEQ C   53  THR :   36.51
SEQ C   54  VAL :    0.00
SEQ C   55  THR :   64.01
SEQ C   56  GLU :   78.22

