# Residues in 1FCC_chainB.pdb
SEQ C    1  THR :  112.35
SEQ C    2  THR :   70.13
SEQ C    3  TYR :   18.74
SEQ C    4  LYS :   79.75
SEQ C    5  LEU :    0.94
SEQ C    6  VAL :   37.01
SEQ C    7  ILE :    5.24
SEQ C    8  ASN :   62.66
SEQ C    9  GLY :    6.54
SEQ C   10  LYS :  155.96
SEQ C   11  THR :  153.27
SEQ C   12  LEU :   58.83
SEQ C   13  LYS :  169.77
SEQ C   14  GLY :   34.68
SEQ C   15  GLU :  116.40
SEQ C   16  THR :   48.37
SEQ C   17  THR :   91.61
SEQ C   18  THR :   28.68
SEQ C   19  GLU :  138.65
SEQ C   20  ALA :   15.25
SEQ C   21  VAL :  125.53
SEQ C   22  ASP :   73.39
SEQ C   23  ALA :   30.29
SEQ C   24  ALA :   61.91
SEQ C   25  THR :   56.67
SEQ C   26  ALA :    0.00
SEQ C   27  GLU :   60.69
SEQ C   28  LYS :  156.91
SEQ C   29  VAL :   59.85
SEQ C   30  PHE :    1.57
SEQ C   31  LYS :   79.45
SEQ C   32  GLN :  105.20
SEQ C   33  TYR :   87.28
SEQ C   34  ALA :    1.58
SEQ C   35  ASN :  112.83
SEQ C   36  ASP :  107.06
SEQ C   37  ASN :   77.18
SEQ C   38  GLY :   60.45
SEQ C   39  VAL :    2.82
SEQ C   40  ASP :  113.79
SEQ C   41  GLY :   29.78
SEQ C   42  GLU :  137.47
SEQ C   43  TRP :   64.82
SEQ C   44  THR :   77.22
SEQ C   45  TYR :   71.53
SEQ C   46  ASP :   74.66
SEQ C   47  ASP :   96.32
SEQ C   48  ALA :  100.40
SEQ C   49  THR :   86.50
SEQ C   50  LYS :   84.47
SEQ C   51  THR :   15.99
SEQ C   52  PHE :    6.56
SEQ C   53  THR :   36.51
SEQ C   54  VAL :    0.02
SEQ C   55  THR :   64.01
SEQ C   56  GLU :   78.22

